sep 23 02:56:22 contact_api1.parfumwholesale.com [info] SetExpressCheckout, Elapsed: 26ms
sep 23 02:56:22 contact_api1.parfumwholesale.com [error] curl_exec error 58 Unable to load client cert -8192.
sep 23 02:56:56 contact_api1.parfumwholesale.com [info] SetExpressCheckout, Elapsed: 26ms
sep 23 02:56:56 contact_api1.parfumwholesale.com [error] curl_exec error 58 Unable to load client cert -8192.
sep 23 02:57:10 contact_api1.parfumwholesale.com [info] SetExpressCheckout, Elapsed: 27ms
sep 23 02:57:10 contact_api1.parfumwholesale.com [error] curl_exec error 58 Unable to load client cert -8192.
sep 23 02:58:04 contact_api1.parfumwholesale.com [info] SetExpressCheckout, Elapsed: 27ms
sep 23 02:58:04 contact_api1.parfumwholesale.com [error] curl_exec error 58 Unable to load client cert -8192.
sep 23 02:58:24 contact_api1.parfumwholesale.com [info] SetExpressCheckout, Elapsed: 26ms
sep 23 02:58:24 contact_api1.parfumwholesale.com [error] curl_exec error 58 Unable to load client cert -8192.
sep 23 03:17:41 contact_api1.parfumwholesale.com [info] SetExpressCheckout, Elapsed: 26ms
sep 23 03:17:41 contact_api1.parfumwholesale.com [error] curl_exec error 58 Unable to load client cert -8192.
sep 23 03:20:57 contact_api1.parfumwholesale.com [info] SetExpressCheckout, Elapsed: 26ms
sep 23 03:20:57 contact_api1.parfumwholesale.com [error] curl_exec error 58 Unable to load client cert -8192.
sep 23 03:22:02 contact_api1.parfumwholesale.com [info] DoDirectPayment, Elapsed: 29ms
sep 23 03:22:02 contact_api1.parfumwholesale.com [error] curl_exec error 58 Unable to load client cert -8192.
sep 23 03:24:33 contact_api1.parfumwholesale.com [info] SetExpressCheckout, Elapsed: 25ms
sep 23 03:24:33 contact_api1.parfumwholesale.com [error] curl_exec error 58 Unable to load client cert -8192.
sep 23 03:24:42 contact_api1.parfumwholesale.com [info] SetExpressCheckout, Elapsed: 26ms
sep 23 03:24:42 contact_api1.parfumwholesale.com [error] curl_exec error 58 Unable to load client cert -8192.
sep 23 03:43:37 contact_api1.parfumwholesale.com [info] SetExpressCheckout, Elapsed: 26ms
sep 23 03:43:37 contact_api1.parfumwholesale.com [error] curl_exec error 58 Unable to load client cert -8192.
sep 23 03:46:22 contact_api1.parfumwholesale.com [info] SetExpressCheckout, Elapsed: 27ms
sep 23 03:46:22 contact_api1.parfumwholesale.com [error] curl_exec error 58 Unable to load client cert -8192.
sep 23 03:47:46 contact_api1.parfumwholesale.com [info] SetExpressCheckout, Elapsed: 78ms
sep 23 03:47:46 contact_api1.parfumwholesale.com [error] curl_exec error 58 Unable to load client cert -8192.
sep 23 03:50:36 contact_api1.parfumwholesale.com [info] SetExpressCheckout, Elapsed: 30ms
sep 23 03:50:36 contact_api1.parfumwholesale.com [error] curl_exec error 58 Unable to load client cert -8192.
sep 23 03:59:51 contact_api1.parfumwholesale.com [info] SetExpressCheckout, Elapsed: 26ms
sep 23 03:59:51 contact_api1.parfumwholesale.com [error] curl_exec error 58 Unable to load client cert -8192.
sep 23 03:59:54 contact_api1.parfumwholesale.com [info] SetExpressCheckout, Elapsed: 26ms
sep 23 03:59:54 contact_api1.parfumwholesale.com [error] curl_exec error 58 Unable to load client cert -8192.
sep 23 04:00:10 contact_api1.parfumwholesale.com [info] SetExpressCheckout, Elapsed: 26ms
sep 23 04:00:10 contact_api1.parfumwholesale.com [error] curl_exec error 58 Unable to load client cert -8192.
sep 23 04:14:32 contact_api1.parfumwholesale.com [info] SetExpressCheckout, Elapsed: 27ms
sep 23 04:14:32 contact_api1.parfumwholesale.com [error] curl_exec error 58 Unable to load client cert -8192.
sep 23 04:15:07 contact_api1.parfumwholesale.com [info] SetExpressCheckout, Elapsed: 27ms
sep 23 04:15:07 contact_api1.parfumwholesale.com [error] curl_exec error 58 Unable to load client cert -8192.
sep 23 04:15:29 contact_api1.parfumwholesale.com [info] SetExpressCheckout, Elapsed: 25ms
sep 23 04:15:29 contact_api1.parfumwholesale.com [error] curl_exec error 58 Unable to load client cert -8192.
sep 23 04:15:32 contact_api1.parfumwholesale.com [info] SetExpressCheckout, Elapsed: 25ms
sep 23 04:15:32 contact_api1.parfumwholesale.com [error] curl_exec error 58 Unable to load client cert -8192.
sep 23 04:15:44 contact_api1.parfumwholesale.com [info] SetExpressCheckout, Elapsed: 1644ms
sep 23 04:15:44 contact_api1.parfumwholesale.com [error] curl_exec error 58 Unable to load client cert -8192.
sep 23 04:19:15 contact_api1.parfumwholesale.com [info] SetExpressCheckout, Elapsed: 26ms
sep 23 04:19:15 contact_api1.parfumwholesale.com [error] curl_exec error 58 Unable to load client cert -8192.
sep 23 04:19:25 contact_api1.parfumwholesale.com [info] SetExpressCheckout, Elapsed: 25ms
sep 23 04:19:25 contact_api1.parfumwholesale.com [error] curl_exec error 58 Unable to load client cert -8192.
sep 23 04:31:13 contact_api1.parfumwholesale.com [info] SetExpressCheckout, Elapsed: 26ms
sep 23 04:31:13 contact_api1.parfumwholesale.com [error] curl_exec error 58 Unable to load client cert -8192.
sep 23 04:31:29 contact_api1.parfumwholesale.com [info] SetExpressCheckout, Elapsed: 27ms
sep 23 04:31:29 contact_api1.parfumwholesale.com [error] curl_exec error 58 Unable to load client cert -8192.
sep 23 04:31:42 contact_api1.parfumwholesale.com [info] SetExpressCheckout, Elapsed: 26ms
sep 23 04:31:42 contact_api1.parfumwholesale.com [error] curl_exec error 58 Unable to load client cert -8192.
sep 23 04:34:05 contact_api1.parfumwholesale.com [info] SetExpressCheckout, Elapsed: 26ms
sep 23 04:34:05 contact_api1.parfumwholesale.com [error] curl_exec error 58 Unable to load client cert -8192.
sep 23 04:37:02 contact_api1.parfumwholesale.com [info] SetExpressCheckout, Elapsed: 26ms
sep 23 04:37:02 contact_api1.parfumwholesale.com [error] curl_exec error 58 Unable to load client cert -8192.
sep 23 14:23:36 contact_api1.parfumwholesale.com [info] SetExpressCheckout, Elapsed: 27ms
sep 23 14:23:36 contact_api1.parfumwholesale.com [error] curl_exec error 58 Unable to load client cert -8192.
sep 23 14:27:53 contact_api1.parfumwholesale.com [info] SetExpressCheckout, Elapsed: 25ms
sep 23 14:27:53 contact_api1.parfumwholesale.com [error] curl_exec error 58 Unable to load client cert -8192.
sep 23 14:28:09 contact_api1.parfumwholesale.com [info] SetExpressCheckout, Elapsed: 27ms
sep 23 14:28:09 contact_api1.parfumwholesale.com [error] curl_exec error 58 Unable to load client cert -8192.
sep 23 14:43:50 contact_api1.parfumwholesale.com [info] SetExpressCheckout, Elapsed: 26ms
sep 23 14:43:50 contact_api1.parfumwholesale.com [error] curl_exec error 58 Unable to load client cert -8192.
sep 23 15:28:17 contact_api1.parfumwholesale.com [info] SetExpressCheckout, Elapsed: 265ms, Ack: Success
sep 23 15:28:51 contact_api1.parfumwholesale.com [info] SetExpressCheckout, Elapsed: 259ms, Ack: Success
sep 23 15:29:53 contact_api1.parfumwholesale.com [info] SetExpressCheckout, Elapsed: 291ms, Ack: Success
sep 23 15:30:46 contact_api1.parfumwholesale.com [info] DoDirectPayment, Elapsed: 321ms, Ack: Failure
sep 23 15:31:55 contact_api1.parfumwholesale.com [info] DoDirectPayment, Elapsed: 335ms, Ack: Failure
sep 23 15:37:37 contact_api1.parfumwholesale.com [info] SetExpressCheckout, Elapsed: 286ms, Ack: Success
sep 23 15:46:13 contact_api1.parfumwholesale.com [info] DoDirectPayment, Elapsed: 370ms, Ack: Failure
sep 23 15:47:34 contact_api1.parfumwholesale.com [info] DoDirectPayment, Elapsed: 338ms, Ack: Failure
sep 23 15:51:04 contact_api1.parfumwholesale.com [info] DoDirectPayment, Elapsed: 329ms, Ack: Failure
sep 23 15:55:42 contact_api1.parfumwholesale.com [info] DoDirectPayment, Elapsed: 323ms, Ack: Failure
sep 23 15:56:35 contact_api1.parfumwholesale.com [info] DoDirectPayment, Elapsed: 306ms, Ack: Failure
sep 23 15:57:40 contact_api1.parfumwholesale.com [info] DoDirectPayment, Elapsed: 323ms, Ack: Failure
sep 23 16:06:20 contact_api1.parfumwholesale.com [info] DoDirectPayment, Elapsed: 401ms, Ack: Failure
sep 23 16:47:22 contact_api1.parfumwholesale.com [info] DoDirectPayment, Elapsed: 328ms, Ack: Failure
